
Solving Air Cargo Problem 2 using depth_first_graph_search...

Expansions   Goal Tests   New Nodes
   333         334         4741   

Plan length: 333  Time elapsed in seconds: 48.00573849098873
Fly(P3, ATL, SFO)
Fly(P1, SFO, ATL)
Fly(P3, SFO, JFK)
Fly(P1, ATL, JFK)
Fly(P2, JFK, ATL)
Fly(P3, JFK, ATL)
Fly(P2, ATL, SFO)
Fly(P3, ATL, SFO)
Load(P3, SFO, C1)
Fly(P3, SFO, ATL)
Fly(P2, SFO, ATL)
Fly(P3, ATL, JFK)
Fly(P2, ATL, JFK)
Fly(P1, JFK, ATL)
Fly(P3, JFK, ATL)
Fly(P1, ATL, SFO)
Unload(P3, ATL, C1)
Fly(P3, ATL, SFO)
Fly(P1, SFO, ATL)
Fly(P3, SFO, JFK)
Fly(P1, ATL, JFK)
Fly(P2, JFK, ATL)
Fly(P3, JFK, SFO)
Fly(P2, ATL, SFO)
Load(P3, SFO, C1)
Fly(P3, SFO, ATL)
Fly(P2, SFO, ATL)
Fly(P3, ATL, JFK)
Fly(P2, ATL, JFK)
Fly(P1, JFK, ATL)
Fly(P3, JFK, ATL)
Load(P3, ATL, C3)
Fly(P3, ATL, SFO)
Fly(P1, ATL, SFO)
Fly(P3, SFO, JFK)
Fly(P1, SFO, JFK)
Fly(P2, JFK, ATL)
Fly(P1, JFK, ATL)
Fly(P2, ATL, SFO)
Unload(P3, JFK, C3)
Fly(P1, ATL, SFO)
Fly(P2, SFO, ATL)
Fly(P3, JFK, ATL)
Fly(P2, ATL, JFK)
Fly(P3, ATL, SFO)
Fly(P1, SFO, ATL)
Fly(P2, JFK, ATL)
Fly(P1, ATL, JFK)
Fly(P2, ATL, SFO)
Fly(P3, SFO, ATL)
Unload(P3, ATL, C1)
Fly(P3, ATL, JFK)
Fly(P2, SFO, ATL)
Fly(P1, JFK, ATL)
Fly(P2, ATL, JFK)
Fly(P1, ATL, SFO)
Load(P1, SFO, C1)
Fly(P1, SFO, JFK)
Fly(P3, JFK, ATL)
Fly(P2, JFK, ATL)
Fly(P3, ATL, SFO)
Fly(P2, ATL, SFO)
Fly(P1, JFK, ATL)
Fly(P3, SFO, ATL)
Fly(P1, ATL, SFO)
Load(P3, ATL, C3)
Fly(P3, ATL, SFO)
Fly(P2, SFO, ATL)
Fly(P1, SFO, ATL)
Fly(P2, ATL, JFK)
Fly(P1, ATL, JFK)
Unload(P3, SFO, C3)
Fly(P3, SFO, ATL)
Fly(P2, JFK, ATL)
Fly(P3, ATL, JFK)
Fly(P2, ATL, SFO)
Fly(P1, JFK, ATL)
Fly(P2, SFO, JFK)
Fly(P1, ATL, SFO)
Unload(P1, SFO, C1)
Fly(P1, SFO, JFK)
Fly(P3, JFK, ATL)
Fly(P2, JFK, ATL)
Fly(P3, ATL, SFO)
Fly(P2, ATL, SFO)
Fly(P1, JFK, ATL)
Fly(P3, SFO, ATL)
Fly(P1, ATL, SFO)
Load(P3, ATL, C3)
Fly(P3, ATL, SFO)
Fly(P2, SFO, ATL)
Fly(P1, SFO, ATL)
Fly(P2, ATL, JFK)
Fly(P1, ATL, JFK)
Load(P3, SFO, C1)
Fly(P3, SFO, ATL)
Fly(P2, JFK, ATL)
Fly(P3, ATL, JFK)
Fly(P2, ATL, SFO)
Fly(P1, JFK, ATL)
Fly(P2, SFO, JFK)
Fly(P1, ATL, SFO)
Unload(P3, JFK, C3)
Fly(P1, SFO, JFK)
Unload(P3, JFK, C1)
Fly(P1, JFK, ATL)
Fly(P3, JFK, ATL)
Fly(P1, ATL, SFO)
Fly(P3, ATL, SFO)
Fly(P2, JFK, ATL)
Fly(P1, SFO, ATL)
Fly(P2, ATL, SFO)
Fly(P1, ATL, JFK)
Fly(P3, SFO, ATL)
Load(P3, ATL, C3)
Fly(P2, SFO, ATL)
Fly(P3, ATL, SFO)
Fly(P2, ATL, JFK)
Fly(P1, JFK, ATL)
Load(P1, ATL, C3)
Fly(P1, ATL, SFO)
Fly(P3, SFO, ATL)
Fly(P1, SFO, JFK)
Fly(P3, ATL, JFK)
Fly(P2, JFK, ATL)
Fly(P1, JFK, ATL)
Fly(P2, ATL, SFO)
Fly(P1, ATL, SFO)
Unload(P1, SFO, C3)
Fly(P2, SFO, ATL)
Load(P2, ATL, C3)
Fly(P2, ATL, JFK)
Fly(P1, SFO, ATL)
Fly(P3, JFK, ATL)
Fly(P1, ATL, JFK)
Unload(P3, ATL, C3)
Fly(P3, ATL, SFO)
Fly(P2, JFK, ATL)
Fly(P3, SFO, JFK)
Fly(P2, ATL, SFO)
Fly(P1, JFK, ATL)
Fly(P3, JFK, ATL)
Fly(P1, ATL, SFO)
Fly(P3, ATL, SFO)
Load(P3, SFO, C3)
Fly(P1, SFO, ATL)
Fly(P2, SFO, ATL)
Load(P2, ATL, C1)
Fly(P1, ATL, SFO)
Fly(P2, ATL, JFK)
Fly(P3, SFO, ATL)
Fly(P2, JFK, SFO)
Fly(P3, ATL, JFK)
Fly(P1, SFO, ATL)
Unload(P2, SFO, C3)
Fly(P1, ATL, JFK)
Fly(P2, SFO, ATL)
Unload(P3, JFK, C3)
Fly(P3, JFK, ATL)
Fly(P2, ATL, JFK)
Fly(P3, ATL, SFO)
Fly(P1, JFK, ATL)
Load(P1, ATL, C3)
Fly(P1, ATL, SFO)
Fly(P3, SFO, ATL)
Fly(P2, JFK, ATL)
Fly(P3, ATL, JFK)
Fly(P2, ATL, SFO)
Fly(P1, SFO, ATL)
Fly(P3, JFK, ATL)
Fly(P1, ATL, JFK)
Fly(P3, ATL, SFO)
Fly(P2, SFO, ATL)
Unload(P2, ATL, C1)
Fly(P2, ATL, JFK)
Load(P3, SFO, C1)
Fly(P3, SFO, ATL)
Fly(P2, JFK, ATL)
Fly(P3, ATL, JFK)
Fly(P2, ATL, SFO)
Fly(P1, JFK, ATL)
Fly(P2, SFO, JFK)
Fly(P1, ATL, SFO)
Unload(P1, SFO, C3)
Fly(P2, JFK, ATL)
Fly(P1, SFO, ATL)
Fly(P3, JFK, ATL)
Fly(P2, ATL, SFO)
Fly(P1, ATL, SFO)
Fly(P3, ATL, SFO)
Load(P3, SFO, C3)
Fly(P2, SFO, ATL)
Fly(P3, SFO, ATL)
Fly(P2, ATL, JFK)
Fly(P1, SFO, ATL)
Fly(P3, ATL, JFK)
Fly(P1, ATL, JFK)
Fly(P2, JFK, ATL)
Load(P2, ATL, C3)
Fly(P2, ATL, SFO)
Fly(P3, JFK, ATL)
Fly(P1, JFK, ATL)
Fly(P2, SFO, ATL)
Load(P2, ATL, C1)
Fly(P1, ATL, SFO)
Fly(P3, ATL, JFK)
Fly(P2, ATL, JFK)
Fly(P1, SFO, ATL)
Fly(P3, JFK, SFO)
Fly(P1, ATL, JFK)
Fly(P3, SFO, ATL)
Unload(P3, ATL, C3)
Fly(P3, ATL, JFK)
Fly(P2, JFK, ATL)
Fly(P1, JFK, ATL)
Fly(P2, ATL, SFO)
Fly(P1, ATL, SFO)
Fly(P3, JFK, ATL)
Load(P1, SFO, C3)
Fly(P3, ATL, SFO)
Fly(P2, SFO, ATL)
Fly(P1, SFO, ATL)
Fly(P2, ATL, JFK)
Fly(P1, ATL, JFK)
Unload(P3, SFO, C1)
Fly(P3, SFO, ATL)
Fly(P2, JFK, ATL)
Fly(P3, ATL, JFK)
Fly(P2, ATL, SFO)
Load(P3, JFK, C3)
Fly(P2, SFO, JFK)
Fly(P1, JFK, ATL)
Fly(P3, JFK, ATL)
Fly(P2, JFK, ATL)
Fly(P1, ATL, SFO)
Fly(P3, ATL, JFK)
Load(P1, SFO, C1)
Fly(P2, ATL, SFO)
Fly(P1, SFO, ATL)
Fly(P3, JFK, ATL)
Fly(P1, ATL, JFK)
Fly(P3, ATL, SFO)
Fly(P2, SFO, ATL)
Fly(P1, JFK, ATL)
Fly(P2, ATL, JFK)
Fly(P1, ATL, SFO)
Fly(P3, SFO, ATL)
Unload(P3, ATL, C3)
Fly(P3, ATL, JFK)
Fly(P1, SFO, ATL)
Fly(P2, JFK, ATL)
Fly(P3, JFK, ATL)
Unload(P2, ATL, C3)
Fly(P3, ATL, SFO)
Fly(P2, ATL, SFO)
Fly(P1, ATL, SFO)
Fly(P3, SFO, ATL)
Unload(P2, SFO, C1)
Fly(P3, ATL, JFK)
Fly(P2, SFO, ATL)
Fly(P1, SFO, ATL)
Fly(P2, ATL, JFK)
Fly(P1, ATL, JFK)
Fly(P3, JFK, ATL)
Fly(P2, JFK, ATL)
Unload(P1, JFK, C3)
Fly(P3, ATL, SFO)
Fly(P2, ATL, JFK)
Fly(P1, JFK, ATL)
Load(P3, SFO, C1)
Fly(P1, ATL, SFO)
Fly(P3, SFO, ATL)
Fly(P1, SFO, JFK)
Fly(P3, ATL, JFK)
Fly(P2, JFK, ATL)
Load(P2, ATL, C3)
Fly(P2, ATL, SFO)
Fly(P3, JFK, ATL)
Fly(P1, JFK, ATL)
Fly(P3, ATL, SFO)
Fly(P1, ATL, SFO)
Fly(P2, SFO, ATL)
Fly(P3, SFO, ATL)
Unload(P3, ATL, C1)
Fly(P3, ATL, JFK)
Fly(P2, ATL, SFO)
Load(P2, SFO, C1)
Fly(P1, SFO, ATL)
Fly(P3, JFK, ATL)
Fly(P1, ATL, JFK)
Fly(P3, ATL, SFO)
Fly(P2, SFO, ATL)
Fly(P3, SFO, JFK)
Fly(P2, ATL, JFK)
Unload(P2, JFK, C3)
Fly(P1, JFK, ATL)
Fly(P3, JFK, ATL)
Fly(P1, ATL, SFO)
Fly(P3, ATL, SFO)
Fly(P2, JFK, ATL)
Fly(P3, SFO, JFK)
Load(P3, JFK, C3)
Fly(P2, ATL, SFO)
Fly(P3, JFK, ATL)
Fly(P1, SFO, ATL)
Fly(P3, ATL, SFO)
Fly(P1, ATL, JFK)
Fly(P2, SFO, ATL)
Fly(P3, SFO, ATL)
Fly(P2, ATL, JFK)
Unload(P2, JFK, C1)
Fly(P3, ATL, JFK)
Fly(P2, JFK, ATL)
Fly(P1, JFK, ATL)
Fly(P2, ATL, SFO)
Unload(P3, JFK, C3)
Fly(P1, ATL, JFK)
Load(P3, JFK, C2)
Fly(P2, SFO, ATL)
Fly(P3, JFK, ATL)
Fly(P2, ATL, JFK)
Fly(P3, ATL, SFO)
Fly(P1, JFK, ATL)
Fly(P3, SFO, JFK)
Fly(P1, ATL, SFO)
Unload(P1, SFO, C1)
Fly(P3, JFK, ATL)
Fly(P1, SFO, ATL)
Fly(P2, JFK, ATL)
Fly(P3, ATL, SFO)
Fly(P2, ATL, SFO)
Fly(P1, ATL, SFO)
Unload(P3, SFO, C2)

